2019-07-05 10:40:32.699 [restartedMain] DEBUG com.basic.javaframe.DemoApplication - Running with Spring Boot v2.1.3.RELEASE, Spring v5.1.5.RELEASE
2019-07-05 10:46:12.618 [restartedMain] DEBUG com.basic.javaframe.DemoApplication - Running with Spring Boot v2.1.3.RELEASE, Spring v5.1.5.RELEASE
2019-07-05 10:47:09.327 [http-nio-9091-exec-1] DEBUG c.b.j.dao.SecHos_PatientDao.getPatientByOpenid - ==>  Preparing: select p.*,h.row_id as hospitalizedRowId,h.row_guid as hospitalizedrowGuid, h.medical_number,h.patid,h.hospitalized_status, o.row_id as outpatientRowId,o.row_guid as outpatientrowGuid, o.medical_numberMZ,o.patidMZ from sechos_patient p left join sechos_hospitalized h on p.row_guid = h.patient_rowGuid left join sechos_outpatient o on p.row_guid = o.patient_rowGuidMZ where p.openid =? and p.del_flag=0 
2019-07-05 10:47:09.355 [http-nio-9091-exec-1] DEBUG c.b.j.dao.SecHos_PatientDao.getPatientByOpenid - ==> Parameters: 123456(String)
2019-07-05 10:47:09.466 [http-nio-9091-exec-1] DEBUG c.b.j.dao.SecHos_PatientDao.getPatientByOpenid - <==      Total: 3
2019-07-05 10:47:09.530 [http-nio-9091-exec-1] DEBUG com.basic.javaframe.dao.SecHos_PatientDao.update - ==>  Preparing: update sechos_patient SET `row_guid` = ?, `create_time` = ?, `del_flag` = ?, `sort_sq` = ?, `patient_birth` = ?, `patient_name` = ?, `patient_sex` = ?, `patient_idcard` = ?, `patient_address` = ?, `patient_mobile` = ?, `openid` = ?, `headimgUrl` = ?, `patient_status` = ? where row_guid = ? 
2019-07-05 10:47:09.531 [http-nio-9091-exec-1] DEBUG com.basic.javaframe.dao.SecHos_PatientDao.update - ==> Parameters: 222536ff-8e06-4d0e-badd-3890e68757bc(String), 2019-06-17 16:33:32.0(Timestamp), 0(Integer), 0(Integer), 1973-03-12 00:00:00.0(Timestamp), 张文华(String), 1(Integer), 34242519951220493X(String), (String), (String), 123456(String), http://thirdwx.qlogo.cn/mmopen/vi_32/jBg4Hc9Vy7fcm4DwiaT2RlibQ2gRLMURl5picqsibicydCAnDOojHQlKs5ibmKS1RAQfibP9UnKPyRuZVO550RibGxHSdA/132(String), 2(Integer), 222536ff-8e06-4d0e-badd-3890e68757bc(String)
2019-07-05 10:47:09.550 [http-nio-9091-exec-1] DEBUG com.basic.javaframe.dao.SecHos_PatientDao.update - <==    Updates: 1
2019-07-05 16:49:41.081 [restartedMain] DEBUG com.basic.javaframe.DemoApplication - Running with Spring Boot v2.1.3.RELEASE, Spring v5.1.5.RELEASE
2019-07-05 17:39:09.484 [http-nio-9091-exec-7] DEBUG c.b.j.dao.SecHos_PatientDao.getPatientByOpenid - ==>  Preparing: select p.*,h.row_id as hospitalizedRowId,h.row_guid as hospitalizedrowGuid, h.medical_number,h.patid,h.hospitalized_status, o.row_id as outpatientRowId,o.row_guid as outpatientrowGuid, o.medical_numberMZ,o.patidMZ from sechos_patient p left join sechos_hospitalized h on p.row_guid = h.patient_rowGuid left join sechos_outpatient o on p.row_guid = o.patient_rowGuidMZ where p.openid =? and p.del_flag=0 
2019-07-05 17:39:09.516 [http-nio-9091-exec-7] DEBUG c.b.j.dao.SecHos_PatientDao.getPatientByOpenid - ==> Parameters: 123456(String)
2019-07-05 17:39:09.594 [http-nio-9091-exec-7] DEBUG c.b.j.dao.SecHos_PatientDao.getPatientByOpenid - <==      Total: 3
2019-07-05 17:39:09.703 [http-nio-9091-exec-7] DEBUG com.basic.javaframe.dao.SecHos_PatientDao.update - ==>  Preparing: update sechos_patient SET `row_guid` = ?, `create_time` = ?, `del_flag` = ?, `sort_sq` = ?, `patient_birth` = ?, `patient_name` = ?, `patient_sex` = ?, `patient_idcard` = ?, `patient_address` = ?, `patient_mobile` = ?, `openid` = ?, `headimgUrl` = ?, `patient_status` = ? where row_guid = ? 
2019-07-05 17:39:09.705 [http-nio-9091-exec-7] DEBUG com.basic.javaframe.dao.SecHos_PatientDao.update - ==> Parameters: 222536ff-8e06-4d0e-badd-3890e68757bc(String), 2019-06-17 16:33:32.0(Timestamp), 0(Integer), 0(Integer), 1973-03-12 00:00:00.0(Timestamp), 张文华(String), 1(Integer), 34242519951220493X(String), (String), (String), 123456(String), http://thirdwx.qlogo.cn/mmopen/vi_32/jBg4Hc9Vy7fcm4DwiaT2RlibQ2gRLMURl5picqsibicydCAnDOojHQlKs5ibmKS1RAQfibP9UnKPyRuZVO550RibGxHSdA/132(String), 2(Integer), 222536ff-8e06-4d0e-badd-3890e68757bc(String)
2019-07-05 17:39:09.783 [http-nio-9091-exec-7] DEBUG com.basic.javaframe.dao.SecHos_PatientDao.update - <==    Updates: 1
2019-07-05 17:39:45.258 [http-nio-9091-exec-8] DEBUG c.b.j.dao.SecHos_PatientDao.getPatientByOpenid - ==>  Preparing: select p.*,h.row_id as hospitalizedRowId,h.row_guid as hospitalizedrowGuid, h.medical_number,h.patid,h.hospitalized_status, o.row_id as outpatientRowId,o.row_guid as outpatientrowGuid, o.medical_numberMZ,o.patidMZ from sechos_patient p left join sechos_hospitalized h on p.row_guid = h.patient_rowGuid left join sechos_outpatient o on p.row_guid = o.patient_rowGuidMZ where p.openid =? and p.del_flag=0 
2019-07-05 17:39:45.259 [http-nio-9091-exec-8] DEBUG c.b.j.dao.SecHos_PatientDao.getPatientByOpenid - ==> Parameters: 123456(String)
2019-07-05 17:39:45.434 [http-nio-9091-exec-8] DEBUG c.b.j.dao.SecHos_PatientDao.getPatientByOpenid - <==      Total: 3
2019-07-05 17:39:45.798 [http-nio-9091-exec-8] DEBUG com.basic.javaframe.dao.SecHos_PatientDao.update - ==>  Preparing: update sechos_patient SET `row_guid` = ?, `create_time` = ?, `del_flag` = ?, `sort_sq` = ?, `patient_birth` = ?, `patient_name` = ?, `patient_sex` = ?, `patient_idcard` = ?, `patient_address` = ?, `patient_mobile` = ?, `openid` = ?, `headimgUrl` = ?, `patient_status` = ? where row_guid = ? 
2019-07-05 17:39:45.798 [http-nio-9091-exec-8] DEBUG com.basic.javaframe.dao.SecHos_PatientDao.update - ==> Parameters: 222536ff-8e06-4d0e-badd-3890e68757bc(String), 2019-06-17 16:33:32.0(Timestamp), 0(Integer), 0(Integer), 1973-03-12 00:00:00.0(Timestamp), 张文华(String), 1(Integer), 34242519951220493X(String), (String), (String), 123456(String), http://thirdwx.qlogo.cn/mmopen/vi_32/jBg4Hc9Vy7fcm4DwiaT2RlibQ2gRLMURl5picqsibicydCAnDOojHQlKs5ibmKS1RAQfibP9UnKPyRuZVO550RibGxHSdA/132(String), 2(Integer), 222536ff-8e06-4d0e-badd-3890e68757bc(String)
2019-07-05 17:39:45.908 [http-nio-9091-exec-8] DEBUG com.basic.javaframe.dao.SecHos_PatientDao.update - <==    Updates: 1
