2019-07-01 08:45:22.604 [restartedMain] DEBUG com.basic.javaframe.DemoApplication - Running with Spring Boot v2.1.3.RELEASE, Spring v5.1.5.RELEASE
2019-07-01 08:45:37.232 [http-nio-9091-exec-2] DEBUG c.b.javaframe.dao.Sechos_ConsultationDao.getList - ==>  Preparing: select * from sechos_consultation t WHERE 1=1 and del_flag = 0 order by row_id desc limit ?, ? 
2019-07-01 08:45:37.259 [http-nio-9091-exec-2] DEBUG c.b.javaframe.dao.Sechos_ConsultationDao.getList - ==> Parameters: 0(Integer), 10(Integer)
2019-07-01 08:45:37.285 [http-nio-9091-exec-2] DEBUG c.b.javaframe.dao.Sechos_ConsultationDao.getList - <==      Total: 10
2019-07-01 08:45:37.352 [http-nio-9091-exec-2] DEBUG c.b.javaframe.dao.Sechos_ConsultationDao.getCount - ==>  Preparing: select count(*) from sechos_consultation t WHERE 1=1 and del_flag = 0 
2019-07-01 08:45:37.353 [http-nio-9091-exec-2] DEBUG c.b.javaframe.dao.Sechos_ConsultationDao.getCount - ==> Parameters: 
2019-07-01 08:45:37.358 [http-nio-9091-exec-2] DEBUG c.b.javaframe.dao.Sechos_ConsultationDao.getCount - <==      Total: 1
2019-07-01 08:45:43.032 [http-nio-9091-exec-4] DEBUG c.b.javaframe.dao.Sechos_ConsultationDao.getList - ==>  Preparing: select * from sechos_consultation t WHERE 1=1 and del_flag = 0 order by row_id desc limit ?, ? 
2019-07-01 08:45:43.033 [http-nio-9091-exec-4] DEBUG c.b.javaframe.dao.Sechos_ConsultationDao.getList - ==> Parameters: 10(Integer), 10(Integer)
2019-07-01 08:45:43.093 [http-nio-9091-exec-4] DEBUG c.b.javaframe.dao.Sechos_ConsultationDao.getList - <==      Total: 2
2019-07-01 08:45:43.206 [http-nio-9091-exec-4] DEBUG c.b.javaframe.dao.Sechos_ConsultationDao.getCount - ==>  Preparing: select count(*) from sechos_consultation t WHERE 1=1 and del_flag = 0 
2019-07-01 08:45:43.206 [http-nio-9091-exec-4] DEBUG c.b.javaframe.dao.Sechos_ConsultationDao.getCount - ==> Parameters: 
2019-07-01 08:45:43.219 [http-nio-9091-exec-4] DEBUG c.b.javaframe.dao.Sechos_ConsultationDao.getCount - <==      Total: 1
2019-07-01 08:45:46.738 [http-nio-9091-exec-6] DEBUG c.b.javaframe.dao.Sechos_ConsultationDao.getList - ==>  Preparing: select * from sechos_consultation t WHERE 1=1 and del_flag = 0 order by row_id desc limit ?, ? 
2019-07-01 08:45:46.739 [http-nio-9091-exec-6] DEBUG c.b.javaframe.dao.Sechos_ConsultationDao.getList - ==> Parameters: 20(Integer), 10(Integer)
2019-07-01 08:45:46.787 [http-nio-9091-exec-6] DEBUG c.b.javaframe.dao.Sechos_ConsultationDao.getList - <==      Total: 0
2019-07-01 08:45:47.363 [http-nio-9091-exec-6] DEBUG c.b.javaframe.dao.Sechos_ConsultationDao.getCount - ==>  Preparing: select count(*) from sechos_consultation t WHERE 1=1 and del_flag = 0 
2019-07-01 08:45:47.364 [http-nio-9091-exec-6] DEBUG c.b.javaframe.dao.Sechos_ConsultationDao.getCount - ==> Parameters: 
2019-07-01 08:45:47.476 [http-nio-9091-exec-6] DEBUG c.b.javaframe.dao.Sechos_ConsultationDao.getCount - <==      Total: 1
2019-07-01 08:46:13.822 [http-nio-9091-exec-8] DEBUG c.b.javaframe.dao.Sechos_ConsultationDao.getList - ==>  Preparing: select * from sechos_consultation t WHERE 1=1 and del_flag = 0 order by row_id desc limit ?, ? 
2019-07-01 08:46:13.823 [http-nio-9091-exec-8] DEBUG c.b.javaframe.dao.Sechos_ConsultationDao.getList - ==> Parameters: 0(Integer), 10(Integer)
2019-07-01 08:46:14.399 [http-nio-9091-exec-8] DEBUG c.b.javaframe.dao.Sechos_ConsultationDao.getList - <==      Total: 10
2019-07-01 08:46:14.760 [http-nio-9091-exec-8] DEBUG c.b.javaframe.dao.Sechos_ConsultationDao.getCount - ==>  Preparing: select count(*) from sechos_consultation t WHERE 1=1 and del_flag = 0 
2019-07-01 08:46:14.761 [http-nio-9091-exec-8] DEBUG c.b.javaframe.dao.Sechos_ConsultationDao.getCount - ==> Parameters: 
2019-07-01 08:46:15.122 [http-nio-9091-exec-8] DEBUG c.b.javaframe.dao.Sechos_ConsultationDao.getCount - <==      Total: 1
2019-07-01 13:36:14.369 [http-nio-9091-exec-6] DEBUG c.b.j.d.I.getSingleInfoByCateGuid - ==>  Preparing: select info_guid from Information_Info_Category where category_guid =? order by create_time desc limit 1; 
2019-07-01 13:36:14.371 [http-nio-9091-exec-6] DEBUG c.b.j.d.I.getSingleInfoByCateGuid - ==> Parameters: 870d1b38-5615-4f42-9c3f-09ce31c33d45(String)
2019-07-01 13:36:14.377 [http-nio-9091-exec-6] DEBUG c.b.j.d.I.getSingleInfoByCateGuid - <==      Total: 1
2019-07-01 13:36:14.418 [http-nio-9091-exec-6] DEBUG c.b.j.dao.InformationInfoDao.getHosIntroduction - ==>  Preparing: select * from Information_Info where category_guid=? and del_flag=0 and status=1 order by create_time desc limit 1; 
2019-07-01 13:36:14.419 [http-nio-9091-exec-6] DEBUG c.b.j.dao.InformationInfoDao.getHosIntroduction - ==> Parameters: 3f6309c8-4181-4566-a47e-f17a031954c3(String)
2019-07-01 13:36:14.439 [http-nio-9091-exec-6] DEBUG c.b.j.dao.InformationInfoDao.getHosIntroduction - <==      Total: 1
2019-07-01 14:01:26.087 [restartedMain] DEBUG com.basic.javaframe.DemoApplication - Running with Spring Boot v2.1.3.RELEASE, Spring v5.1.5.RELEASE
2019-07-01 14:13:04.734 [http-nio-9091-exec-3] DEBUG c.b.j.d.I.getSingleInfoByCateGuid - ==>  Preparing: select info_guid from Information_Info_Category where category_guid =? order by create_time desc limit 1; 
2019-07-01 14:13:04.737 [http-nio-9091-exec-3] DEBUG c.b.j.d.I.getSingleInfoByCateGuid - ==> Parameters: 870d1b38-5615-4f42-9c3f-09ce31c33d45(String)
2019-07-01 14:13:04.747 [http-nio-9091-exec-3] DEBUG c.b.j.d.I.getSingleInfoByCateGuid - <==      Total: 1
2019-07-01 14:13:04.778 [http-nio-9091-exec-3] DEBUG c.b.j.dao.InformationInfoDao.getHosIntroduction - ==>  Preparing: select * from Information_Info where category_guid=? and del_flag=0 and status=1 order by create_time desc limit 1; 
2019-07-01 14:13:04.779 [http-nio-9091-exec-3] DEBUG c.b.j.dao.InformationInfoDao.getHosIntroduction - ==> Parameters: 3f6309c8-4181-4566-a47e-f17a031954c3(String)
2019-07-01 14:13:04.829 [http-nio-9091-exec-3] DEBUG c.b.j.dao.InformationInfoDao.getHosIntroduction - <==      Total: 1
2019-07-01 14:13:09.380 [http-nio-9091-exec-5] DEBUG c.b.j.d.I.getSingleInfoByCateGuid - ==>  Preparing: select info_guid from Information_Info_Category where category_guid =? order by create_time desc limit 1; 
2019-07-01 14:13:09.380 [http-nio-9091-exec-5] DEBUG c.b.j.d.I.getSingleInfoByCateGuid - ==> Parameters: eff540e6-10cf-4012-8508-22d893dd0f9a(String)
2019-07-01 14:13:09.385 [http-nio-9091-exec-5] DEBUG c.b.j.d.I.getSingleInfoByCateGuid - <==      Total: 1
2019-07-01 14:13:09.390 [http-nio-9091-exec-5] DEBUG c.b.j.dao.InformationInfoDao.getHosIntroduction - ==>  Preparing: select * from Information_Info where category_guid=? and del_flag=0 and status=1 order by create_time desc limit 1; 
2019-07-01 14:13:09.391 [http-nio-9091-exec-5] DEBUG c.b.j.dao.InformationInfoDao.getHosIntroduction - ==> Parameters: bd7e10fc-a241-4a4b-a008-b5ae6a39ec7c(String)
2019-07-01 14:13:09.400 [http-nio-9091-exec-5] DEBUG c.b.j.dao.InformationInfoDao.getHosIntroduction - <==      Total: 1
2019-07-01 14:15:56.991 [http-nio-9091-exec-10] DEBUG c.b.javaframe.dao.Sechos_ConsultationDao.getList - ==>  Preparing: select * from sechos_consultation t WHERE 1=1 and del_flag = 0 order by row_id desc limit ?, ? 
2019-07-01 14:15:56.992 [http-nio-9091-exec-10] DEBUG c.b.javaframe.dao.Sechos_ConsultationDao.getList - ==> Parameters: 0(Integer), 10(Integer)
2019-07-01 14:15:57.038 [http-nio-9091-exec-10] DEBUG c.b.javaframe.dao.Sechos_ConsultationDao.getList - <==      Total: 10
2019-07-01 14:15:57.127 [http-nio-9091-exec-10] DEBUG c.b.javaframe.dao.Sechos_ConsultationDao.getCount - ==>  Preparing: select count(*) from sechos_consultation t WHERE 1=1 and del_flag = 0 
2019-07-01 14:15:57.128 [http-nio-9091-exec-10] DEBUG c.b.javaframe.dao.Sechos_ConsultationDao.getCount - ==> Parameters: 
2019-07-01 14:15:57.165 [http-nio-9091-exec-10] DEBUG c.b.javaframe.dao.Sechos_ConsultationDao.getCount - <==      Total: 1
2019-07-01 14:16:04.182 [http-nio-9091-exec-9] DEBUG c.b.javaframe.dao.Sechos_ConsultationDao.getList - ==>  Preparing: select * from sechos_consultation t WHERE 1=1 and del_flag = 0 order by row_id desc limit ?, ? 
2019-07-01 14:16:04.183 [http-nio-9091-exec-9] DEBUG c.b.javaframe.dao.Sechos_ConsultationDao.getList - ==> Parameters: 10(Integer), 10(Integer)
2019-07-01 14:16:04.196 [http-nio-9091-exec-9] DEBUG c.b.javaframe.dao.Sechos_ConsultationDao.getList - <==      Total: 2
2019-07-01 14:16:04.224 [http-nio-9091-exec-9] DEBUG c.b.javaframe.dao.Sechos_ConsultationDao.getCount - ==>  Preparing: select count(*) from sechos_consultation t WHERE 1=1 and del_flag = 0 
2019-07-01 14:16:04.224 [http-nio-9091-exec-9] DEBUG c.b.javaframe.dao.Sechos_ConsultationDao.getCount - ==> Parameters: 
2019-07-01 14:16:04.241 [http-nio-9091-exec-9] DEBUG c.b.javaframe.dao.Sechos_ConsultationDao.getCount - <==      Total: 1
2019-07-01 14:16:06.378 [http-nio-9091-exec-2] DEBUG c.b.javaframe.dao.Sechos_ConsultationDao.getList - ==>  Preparing: select * from sechos_consultation t WHERE 1=1 and del_flag = 0 order by row_id desc limit ?, ? 
2019-07-01 14:16:06.379 [http-nio-9091-exec-2] DEBUG c.b.javaframe.dao.Sechos_ConsultationDao.getList - ==> Parameters: 20(Integer), 10(Integer)
2019-07-01 14:16:06.390 [http-nio-9091-exec-2] DEBUG c.b.javaframe.dao.Sechos_ConsultationDao.getList - <==      Total: 0
2019-07-01 14:16:06.461 [http-nio-9091-exec-2] DEBUG c.b.javaframe.dao.Sechos_ConsultationDao.getCount - ==>  Preparing: select count(*) from sechos_consultation t WHERE 1=1 and del_flag = 0 
2019-07-01 14:16:06.461 [http-nio-9091-exec-2] DEBUG c.b.javaframe.dao.Sechos_ConsultationDao.getCount - ==> Parameters: 
2019-07-01 14:16:06.468 [http-nio-9091-exec-2] DEBUG c.b.javaframe.dao.Sechos_ConsultationDao.getCount - <==      Total: 1
2019-07-01 14:16:21.911 [http-nio-9091-exec-4] DEBUG c.b.javaframe.dao.Sechos_ConsultationDao.getList - ==>  Preparing: select * from sechos_consultation t WHERE 1=1 and del_flag = 0 order by row_id desc limit ?, ? 
2019-07-01 14:16:21.912 [http-nio-9091-exec-4] DEBUG c.b.javaframe.dao.Sechos_ConsultationDao.getList - ==> Parameters: 0(Integer), 10(Integer)
2019-07-01 14:16:21.934 [http-nio-9091-exec-4] DEBUG c.b.javaframe.dao.Sechos_ConsultationDao.getList - <==      Total: 10
2019-07-01 14:16:21.960 [http-nio-9091-exec-4] DEBUG c.b.javaframe.dao.Sechos_ConsultationDao.getCount - ==>  Preparing: select count(*) from sechos_consultation t WHERE 1=1 and del_flag = 0 
2019-07-01 14:16:21.961 [http-nio-9091-exec-4] DEBUG c.b.javaframe.dao.Sechos_ConsultationDao.getCount - ==> Parameters: 
2019-07-01 14:16:21.971 [http-nio-9091-exec-4] DEBUG c.b.javaframe.dao.Sechos_ConsultationDao.getCount - <==      Total: 1
2019-07-01 14:16:24.218 [http-nio-9091-exec-6] DEBUG c.b.j.dao.Sechos_ConsultationDao.queryByGuid - ==>  Preparing: select * from sechos_consultation where row_guid = ? 
2019-07-01 14:16:24.219 [http-nio-9091-exec-6] DEBUG c.b.j.dao.Sechos_ConsultationDao.queryByGuid - ==> Parameters: 348e1b0f-9b0b-4e28-a065-686cf53ad6bb(String)
2019-07-01 14:16:24.233 [http-nio-9091-exec-6] DEBUG c.b.j.dao.Sechos_ConsultationDao.queryByGuid - <==      Total: 1
2019-07-01 14:16:29.953 [http-nio-9091-exec-5] DEBUG c.b.javaframe.dao.Sechos_ConsultationDao.getList - ==>  Preparing: select * from sechos_consultation t WHERE 1=1 and del_flag = 0 order by row_id desc limit ?, ? 
2019-07-01 14:16:29.954 [http-nio-9091-exec-5] DEBUG c.b.javaframe.dao.Sechos_ConsultationDao.getList - ==> Parameters: 0(Integer), 10(Integer)
2019-07-01 14:16:29.967 [http-nio-9091-exec-5] DEBUG c.b.javaframe.dao.Sechos_ConsultationDao.getList - <==      Total: 10
2019-07-01 14:16:29.991 [http-nio-9091-exec-5] DEBUG c.b.javaframe.dao.Sechos_ConsultationDao.getCount - ==>  Preparing: select count(*) from sechos_consultation t WHERE 1=1 and del_flag = 0 
2019-07-01 14:16:29.991 [http-nio-9091-exec-5] DEBUG c.b.javaframe.dao.Sechos_ConsultationDao.getCount - ==> Parameters: 
2019-07-01 14:16:29.997 [http-nio-9091-exec-5] DEBUG c.b.javaframe.dao.Sechos_ConsultationDao.getCount - <==      Total: 1
2019-07-01 14:34:16.275 [http-nio-9091-exec-2] DEBUG c.b.j.d.I.getSingleInfoByCateGuid - ==>  Preparing: select info_guid from Information_Info_Category where category_guid =? order by create_time desc limit 1; 
2019-07-01 14:34:16.275 [http-nio-9091-exec-2] DEBUG c.b.j.d.I.getSingleInfoByCateGuid - ==> Parameters: b4ccf311-761b-4a86-a203-21b9a7e17039(String)
2019-07-01 14:34:16.282 [http-nio-9091-exec-2] DEBUG c.b.j.d.I.getSingleInfoByCateGuid - <==      Total: 1
2019-07-01 14:34:16.288 [http-nio-9091-exec-2] DEBUG c.b.j.dao.InformationInfoDao.getHosIntroduction - ==>  Preparing: select * from Information_Info where category_guid=? and del_flag=0 and status=1 order by create_time desc limit 1; 
2019-07-01 14:34:16.289 [http-nio-9091-exec-2] DEBUG c.b.j.dao.InformationInfoDao.getHosIntroduction - ==> Parameters: dbdf7789-8fb8-4028-aa44-549b80fc9169(String)
2019-07-01 14:34:16.299 [http-nio-9091-exec-2] DEBUG c.b.j.dao.InformationInfoDao.getHosIntroduction - <==      Total: 1
