2019-07-03 08:40:30.481 [restartedMain] DEBUG com.basic.javaframe.DemoApplication - Running with Spring Boot v2.1.3.RELEASE, Spring v5.1.5.RELEASE
2019-07-03 08:42:22.654 [http-nio-9091-exec-6] DEBUG c.b.j.dao.SecHos_PatientDao.getPatientByOpenid - ==>  Preparing: select p.*,h.row_id as hospitalizedRowId,h.row_guid as hospitalizedrowGuid, h.medical_number,h.patid,h.hospitalized_status, o.row_id as outpatientRowId,o.row_guid as outpatientrowGuid, o.medical_numberMZ,o.patidMZ from sechos_patient p left join sechos_hospitalized h on p.row_guid = h.patient_rowGuid left join sechos_outpatient o on p.row_guid = o.patient_rowGuidMZ where p.openid =? and p.del_flag=0 
2019-07-03 08:42:22.694 [http-nio-9091-exec-6] DEBUG c.b.j.dao.SecHos_PatientDao.getPatientByOpenid - ==> Parameters: 123456(String)
2019-07-03 08:42:22.720 [http-nio-9091-exec-6] DEBUG c.b.j.dao.SecHos_PatientDao.getPatientByOpenid - <==      Total: 3
2019-07-03 08:42:22.794 [http-nio-9091-exec-6] DEBUG com.basic.javaframe.dao.SecHos_PatientDao.update - ==>  Preparing: update sechos_patient SET `row_guid` = ?, `create_time` = ?, `del_flag` = ?, `sort_sq` = ?, `patient_birth` = ?, `patient_name` = ?, `patient_sex` = ?, `patient_idcard` = ?, `patient_address` = ?, `patient_mobile` = ?, `openid` = ?, `patient_status` = ? where row_guid = ? 
2019-07-03 08:42:22.796 [http-nio-9091-exec-6] DEBUG com.basic.javaframe.dao.SecHos_PatientDao.update - ==> Parameters: 222536ff-8e06-4d0e-badd-3890e68757bc(String), 2019-06-17 16:33:32.0(Timestamp), 0(Integer), 0(Integer), 1973-03-12 00:00:00.0(Timestamp), 董翠影(String), 1(Integer), 342121197303124422(String), (String), (String), 123456(String), 2(Integer), 222536ff-8e06-4d0e-badd-3890e68757bc(String)
2019-07-03 08:42:22.803 [http-nio-9091-exec-6] DEBUG com.basic.javaframe.dao.SecHos_PatientDao.update - <==    Updates: 1
2019-07-03 08:42:22.854 [http-nio-9091-exec-6] DEBUG c.b.j.dao.SecHos_hospitalizedDao.deleteBatch - ==>  Preparing: delete from sechos_hospitalized where row_guid in ( ? , ? , ? ) 
2019-07-03 08:42:22.855 [http-nio-9091-exec-6] DEBUG c.b.j.dao.SecHos_hospitalizedDao.deleteBatch - ==> Parameters: 26a2cc79-c098-45c0-872d-8a6d9f9a05d5(String), e2d40eac-ce71-4411-9b6c-fddab733b5fb(String), 6a8d0ab7-5b46-4a61-a593-ca9f7c007b22(String)
2019-07-03 08:42:22.859 [http-nio-9091-exec-6] DEBUG c.b.j.dao.SecHos_hospitalizedDao.deleteBatch - <==    Updates: 3
2019-07-03 08:42:22.902 [http-nio-9091-exec-6] DEBUG c.basic.javaframe.dao.SecHos_hospitalizedDao.save - ==>  Preparing: insert into sechos_hospitalized ( `row_guid`, `create_time`, `del_flag`, `sort_sq`, `medical_number`, `patid`, `patient_rowGuid`, `hospitalized_status` ) values ( ?, ?, ?, ?, ?, ?, ?, ? ) 
2019-07-03 08:42:22.904 [http-nio-9091-exec-6] DEBUG c.basic.javaframe.dao.SecHos_hospitalizedDao.save - ==> Parameters: bf1bb56a-cbca-4542-8a02-e18cd9cb796a(String), 2019-07-03 08:42:22.0(Timestamp), 0(Integer), null, 2045477(String), 25206(String), 222536ff-8e06-4d0e-badd-3890e68757bc(String), 4(Integer)
2019-07-03 08:42:22.956 [http-nio-9091-exec-6] DEBUG c.basic.javaframe.dao.SecHos_hospitalizedDao.save - <==    Updates: 1
2019-07-03 08:42:22.987 [http-nio-9091-exec-6] DEBUG c.basic.javaframe.dao.SecHos_hospitalizedDao.save - ==>  Preparing: insert into sechos_hospitalized ( `row_guid`, `create_time`, `del_flag`, `sort_sq`, `medical_number`, `patid`, `patient_rowGuid`, `hospitalized_status` ) values ( ?, ?, ?, ?, ?, ?, ?, ? ) 
2019-07-03 08:42:22.989 [http-nio-9091-exec-6] DEBUG c.basic.javaframe.dao.SecHos_hospitalizedDao.save - ==> Parameters: 9f78a803-2c11-43b9-b383-19a71c7bb8dc(String), 2019-07-03 08:42:22.0(Timestamp), 0(Integer), null, 2075881(String), 45117(String), 222536ff-8e06-4d0e-badd-3890e68757bc(String), 4(Integer)
2019-07-03 08:42:22.994 [http-nio-9091-exec-6] DEBUG c.basic.javaframe.dao.SecHos_hospitalizedDao.save - <==    Updates: 1
2019-07-03 08:42:23.045 [http-nio-9091-exec-6] DEBUG c.basic.javaframe.dao.SecHos_hospitalizedDao.save - ==>  Preparing: insert into sechos_hospitalized ( `row_guid`, `create_time`, `del_flag`, `sort_sq`, `medical_number`, `patid`, `patient_rowGuid`, `hospitalized_status` ) values ( ?, ?, ?, ?, ?, ?, ?, ? ) 
2019-07-03 08:42:23.048 [http-nio-9091-exec-6] DEBUG c.basic.javaframe.dao.SecHos_hospitalizedDao.save - ==> Parameters: 6c1b5b21-8320-4642-ae78-73ae2e3192a5(String), 2019-07-03 08:42:23.0(Timestamp), 0(Integer), null, 2081766(String), 48771(String), 222536ff-8e06-4d0e-badd-3890e68757bc(String), 4(Integer)
2019-07-03 08:42:23.055 [http-nio-9091-exec-6] DEBUG c.basic.javaframe.dao.SecHos_hospitalizedDao.save - <==    Updates: 1
2019-07-03 08:50:21.369 [http-nio-9091-exec-7] DEBUG c.b.javaframe.dao.Sechos_ConsultationDao.getList - ==>  Preparing: select * from sechos_consultation t WHERE 1=1 and del_flag = 0 order by row_id desc limit ?, ? 
2019-07-03 08:50:21.370 [http-nio-9091-exec-7] DEBUG c.b.javaframe.dao.Sechos_ConsultationDao.getList - ==> Parameters: 0(Integer), 10(Integer)
2019-07-03 08:50:21.411 [http-nio-9091-exec-7] DEBUG c.b.javaframe.dao.Sechos_ConsultationDao.getList - <==      Total: 10
2019-07-03 08:50:21.487 [http-nio-9091-exec-7] DEBUG c.b.javaframe.dao.Sechos_ConsultationDao.getCount - ==>  Preparing: select count(*) from sechos_consultation t WHERE 1=1 and del_flag = 0 
2019-07-03 08:50:21.488 [http-nio-9091-exec-7] DEBUG c.b.javaframe.dao.Sechos_ConsultationDao.getCount - ==> Parameters: 
2019-07-03 08:50:21.555 [http-nio-9091-exec-7] DEBUG c.b.javaframe.dao.Sechos_ConsultationDao.getCount - <==      Total: 1
2019-07-03 08:50:52.041 [http-nio-9091-exec-9] DEBUG c.b.j.dao.SecHos_PatientDao.getPatientByOpenid - ==>  Preparing: select p.*,h.row_id as hospitalizedRowId,h.row_guid as hospitalizedrowGuid, h.medical_number,h.patid,h.hospitalized_status, o.row_id as outpatientRowId,o.row_guid as outpatientrowGuid, o.medical_numberMZ,o.patidMZ from sechos_patient p left join sechos_hospitalized h on p.row_guid = h.patient_rowGuid left join sechos_outpatient o on p.row_guid = o.patient_rowGuidMZ where p.openid =? and p.del_flag=0 
2019-07-03 08:50:52.042 [http-nio-9091-exec-9] DEBUG c.b.j.dao.SecHos_PatientDao.getPatientByOpenid - ==> Parameters: 123456(String)
2019-07-03 08:50:52.055 [http-nio-9091-exec-9] DEBUG c.b.j.dao.SecHos_PatientDao.getPatientByOpenid - <==      Total: 3
2019-07-03 08:50:52.082 [http-nio-9091-exec-9] DEBUG com.basic.javaframe.dao.SecHos_PatientDao.update - ==>  Preparing: update sechos_patient SET `row_guid` = ?, `create_time` = ?, `del_flag` = ?, `sort_sq` = ?, `patient_birth` = ?, `patient_name` = ?, `patient_sex` = ?, `patient_idcard` = ?, `patient_address` = ?, `patient_mobile` = ?, `openid` = ?, `patient_status` = ? where row_guid = ? 
2019-07-03 08:50:52.084 [http-nio-9091-exec-9] DEBUG com.basic.javaframe.dao.SecHos_PatientDao.update - ==> Parameters: 222536ff-8e06-4d0e-badd-3890e68757bc(String), 2019-06-17 16:33:32.0(Timestamp), 0(Integer), 0(Integer), 1973-03-12 00:00:00.0(Timestamp), 董翠影(String), 1(Integer), 342121197303124422(String), (String), (String), 123456(String), 2(Integer), 222536ff-8e06-4d0e-badd-3890e68757bc(String)
2019-07-03 08:50:52.114 [http-nio-9091-exec-9] DEBUG com.basic.javaframe.dao.SecHos_PatientDao.update - <==    Updates: 1
2019-07-03 08:50:52.180 [http-nio-9091-exec-9] DEBUG c.b.j.dao.SecHos_hospitalizedDao.deleteBatch - ==>  Preparing: delete from sechos_hospitalized where row_guid in ( ? , ? , ? ) 
2019-07-03 08:50:52.181 [http-nio-9091-exec-9] DEBUG c.b.j.dao.SecHos_hospitalizedDao.deleteBatch - ==> Parameters: bf1bb56a-cbca-4542-8a02-e18cd9cb796a(String), 9f78a803-2c11-43b9-b383-19a71c7bb8dc(String), 6c1b5b21-8320-4642-ae78-73ae2e3192a5(String)
2019-07-03 08:50:52.185 [http-nio-9091-exec-9] DEBUG c.b.j.dao.SecHos_hospitalizedDao.deleteBatch - <==    Updates: 3
2019-07-03 08:50:52.319 [http-nio-9091-exec-9] DEBUG c.basic.javaframe.dao.SecHos_hospitalizedDao.save - ==>  Preparing: insert into sechos_hospitalized ( `row_guid`, `create_time`, `del_flag`, `sort_sq`, `medical_number`, `patid`, `patient_rowGuid`, `hospitalized_status` ) values ( ?, ?, ?, ?, ?, ?, ?, ? ) 
2019-07-03 08:50:52.321 [http-nio-9091-exec-9] DEBUG c.basic.javaframe.dao.SecHos_hospitalizedDao.save - ==> Parameters: b9ff05b8-f726-4439-88c2-c3097689dc0b(String), 2019-07-03 08:50:52.0(Timestamp), 0(Integer), null, 2045477(String), 25206(String), 222536ff-8e06-4d0e-badd-3890e68757bc(String), 4(Integer)
2019-07-03 08:50:52.374 [http-nio-9091-exec-9] DEBUG c.basic.javaframe.dao.SecHos_hospitalizedDao.save - <==    Updates: 1
2019-07-03 08:50:52.480 [http-nio-9091-exec-9] DEBUG c.basic.javaframe.dao.SecHos_hospitalizedDao.save - ==>  Preparing: insert into sechos_hospitalized ( `row_guid`, `create_time`, `del_flag`, `sort_sq`, `medical_number`, `patid`, `patient_rowGuid`, `hospitalized_status` ) values ( ?, ?, ?, ?, ?, ?, ?, ? ) 
2019-07-03 08:50:52.481 [http-nio-9091-exec-9] DEBUG c.basic.javaframe.dao.SecHos_hospitalizedDao.save - ==> Parameters: 7943915d-2afa-4c09-8576-ae9413c8471c(String), 2019-07-03 08:50:52.0(Timestamp), 0(Integer), null, 2075881(String), 45117(String), 222536ff-8e06-4d0e-badd-3890e68757bc(String), 4(Integer)
2019-07-03 08:50:52.489 [http-nio-9091-exec-9] DEBUG c.basic.javaframe.dao.SecHos_hospitalizedDao.save - <==    Updates: 1
2019-07-03 08:50:52.522 [http-nio-9091-exec-9] DEBUG c.basic.javaframe.dao.SecHos_hospitalizedDao.save - ==>  Preparing: insert into sechos_hospitalized ( `row_guid`, `create_time`, `del_flag`, `sort_sq`, `medical_number`, `patid`, `patient_rowGuid`, `hospitalized_status` ) values ( ?, ?, ?, ?, ?, ?, ?, ? ) 
2019-07-03 08:50:52.524 [http-nio-9091-exec-9] DEBUG c.basic.javaframe.dao.SecHos_hospitalizedDao.save - ==> Parameters: d5425740-3e51-4b68-8336-151159b63af9(String), 2019-07-03 08:50:52.0(Timestamp), 0(Integer), null, 2081766(String), 48771(String), 222536ff-8e06-4d0e-badd-3890e68757bc(String), 4(Integer)
2019-07-03 08:50:52.529 [http-nio-9091-exec-9] DEBUG c.basic.javaframe.dao.SecHos_hospitalizedDao.save - <==    Updates: 1
2019-07-03 08:52:57.262 [http-nio-9091-exec-5] DEBUG c.b.j.dao.SecHos_PatientDao.getPatientByOpenid - ==>  Preparing: select p.*,h.row_id as hospitalizedRowId,h.row_guid as hospitalizedrowGuid, h.medical_number,h.patid,h.hospitalized_status, o.row_id as outpatientRowId,o.row_guid as outpatientrowGuid, o.medical_numberMZ,o.patidMZ from sechos_patient p left join sechos_hospitalized h on p.row_guid = h.patient_rowGuid left join sechos_outpatient o on p.row_guid = o.patient_rowGuidMZ where p.openid =? and p.del_flag=0 
2019-07-03 08:52:57.264 [http-nio-9091-exec-5] DEBUG c.b.j.dao.SecHos_PatientDao.getPatientByOpenid - ==> Parameters: 123456(String)
2019-07-03 08:52:57.280 [http-nio-9091-exec-5] DEBUG c.b.j.dao.SecHos_PatientDao.getPatientByOpenid - <==      Total: 3
2019-07-03 08:52:57.328 [http-nio-9091-exec-5] DEBUG com.basic.javaframe.dao.SecHos_PatientDao.update - ==>  Preparing: update sechos_patient SET `row_guid` = ?, `create_time` = ?, `del_flag` = ?, `sort_sq` = ?, `patient_birth` = ?, `patient_name` = ?, `patient_sex` = ?, `patient_idcard` = ?, `patient_address` = ?, `patient_mobile` = ?, `openid` = ?, `patient_status` = ? where row_guid = ? 
2019-07-03 08:52:57.330 [http-nio-9091-exec-5] DEBUG com.basic.javaframe.dao.SecHos_PatientDao.update - ==> Parameters: 222536ff-8e06-4d0e-badd-3890e68757bc(String), 2019-06-17 16:33:32.0(Timestamp), 0(Integer), 0(Integer), 1973-03-12 00:00:00.0(Timestamp), 董翠影(String), 1(Integer), 342121197303124422(String), (String), (String), 123456(String), 2(Integer), 222536ff-8e06-4d0e-badd-3890e68757bc(String)
2019-07-03 08:52:57.343 [http-nio-9091-exec-5] DEBUG com.basic.javaframe.dao.SecHos_PatientDao.update - <==    Updates: 1
2019-07-03 08:52:57.382 [http-nio-9091-exec-5] DEBUG c.b.j.dao.SecHos_hospitalizedDao.deleteBatch - ==>  Preparing: delete from sechos_hospitalized where row_guid in ( ? , ? , ? ) 
2019-07-03 08:52:57.382 [http-nio-9091-exec-5] DEBUG c.b.j.dao.SecHos_hospitalizedDao.deleteBatch - ==> Parameters: b9ff05b8-f726-4439-88c2-c3097689dc0b(String), 7943915d-2afa-4c09-8576-ae9413c8471c(String), d5425740-3e51-4b68-8336-151159b63af9(String)
2019-07-03 08:52:57.502 [http-nio-9091-exec-5] DEBUG c.b.j.dao.SecHos_hospitalizedDao.deleteBatch - <==    Updates: 3
2019-07-03 08:52:57.548 [http-nio-9091-exec-5] DEBUG c.basic.javaframe.dao.SecHos_hospitalizedDao.save - ==>  Preparing: insert into sechos_hospitalized ( `row_guid`, `create_time`, `del_flag`, `sort_sq`, `medical_number`, `patid`, `patient_rowGuid`, `hospitalized_status` ) values ( ?, ?, ?, ?, ?, ?, ?, ? ) 
2019-07-03 08:52:57.549 [http-nio-9091-exec-5] DEBUG c.basic.javaframe.dao.SecHos_hospitalizedDao.save - ==> Parameters: 8b6be611-9b3f-414e-b65f-49f7814434e7(String), 2019-07-03 08:52:57.0(Timestamp), 0(Integer), null, 2045477(String), 25206(String), 222536ff-8e06-4d0e-badd-3890e68757bc(String), 4(Integer)
2019-07-03 08:52:57.557 [http-nio-9091-exec-5] DEBUG c.basic.javaframe.dao.SecHos_hospitalizedDao.save - <==    Updates: 1
2019-07-03 08:52:57.591 [http-nio-9091-exec-5] DEBUG c.basic.javaframe.dao.SecHos_hospitalizedDao.save - ==>  Preparing: insert into sechos_hospitalized ( `row_guid`, `create_time`, `del_flag`, `sort_sq`, `medical_number`, `patid`, `patient_rowGuid`, `hospitalized_status` ) values ( ?, ?, ?, ?, ?, ?, ?, ? ) 
2019-07-03 08:52:57.593 [http-nio-9091-exec-5] DEBUG c.basic.javaframe.dao.SecHos_hospitalizedDao.save - ==> Parameters: b815728a-0aa2-4be7-a22a-471fbdba6554(String), 2019-07-03 08:52:57.0(Timestamp), 0(Integer), null, 2075881(String), 45117(String), 222536ff-8e06-4d0e-badd-3890e68757bc(String), 4(Integer)
2019-07-03 08:52:57.600 [http-nio-9091-exec-5] DEBUG c.basic.javaframe.dao.SecHos_hospitalizedDao.save - <==    Updates: 1
2019-07-03 08:52:57.643 [http-nio-9091-exec-5] DEBUG c.basic.javaframe.dao.SecHos_hospitalizedDao.save - ==>  Preparing: insert into sechos_hospitalized ( `row_guid`, `create_time`, `del_flag`, `sort_sq`, `medical_number`, `patid`, `patient_rowGuid`, `hospitalized_status` ) values ( ?, ?, ?, ?, ?, ?, ?, ? ) 
2019-07-03 08:52:57.647 [http-nio-9091-exec-5] DEBUG c.basic.javaframe.dao.SecHos_hospitalizedDao.save - ==> Parameters: 557d5f2d-6fcd-4c92-8b38-25808b87d013(String), 2019-07-03 08:52:57.0(Timestamp), 0(Integer), null, 2081766(String), 48771(String), 222536ff-8e06-4d0e-badd-3890e68757bc(String), 4(Integer)
2019-07-03 08:52:57.653 [http-nio-9091-exec-5] DEBUG c.basic.javaframe.dao.SecHos_hospitalizedDao.save - <==    Updates: 1
2019-07-03 08:55:40.162 [http-nio-9091-exec-7] DEBUG c.b.j.dao.SecHos_PatientDao.getPatientByOpenid - ==>  Preparing: select p.*,h.row_id as hospitalizedRowId,h.row_guid as hospitalizedrowGuid, h.medical_number,h.patid,h.hospitalized_status, o.row_id as outpatientRowId,o.row_guid as outpatientrowGuid, o.medical_numberMZ,o.patidMZ from sechos_patient p left join sechos_hospitalized h on p.row_guid = h.patient_rowGuid left join sechos_outpatient o on p.row_guid = o.patient_rowGuidMZ where p.openid =? and p.del_flag=0 
2019-07-03 08:55:40.162 [http-nio-9091-exec-7] DEBUG c.b.j.dao.SecHos_PatientDao.getPatientByOpenid - ==> Parameters: 123456(String)
2019-07-03 08:55:40.170 [http-nio-9091-exec-7] DEBUG c.b.j.dao.SecHos_PatientDao.getPatientByOpenid - <==      Total: 3
2019-07-03 08:55:40.192 [http-nio-9091-exec-7] DEBUG com.basic.javaframe.dao.SecHos_PatientDao.update - ==>  Preparing: update sechos_patient SET `row_guid` = ?, `create_time` = ?, `del_flag` = ?, `sort_sq` = ?, `patient_birth` = ?, `patient_name` = ?, `patient_sex` = ?, `patient_idcard` = ?, `patient_address` = ?, `patient_mobile` = ?, `openid` = ?, `patient_status` = ? where row_guid = ? 
2019-07-03 08:55:40.194 [http-nio-9091-exec-7] DEBUG com.basic.javaframe.dao.SecHos_PatientDao.update - ==> Parameters: 222536ff-8e06-4d0e-badd-3890e68757bc(String), 2019-06-17 16:33:32.0(Timestamp), 0(Integer), 0(Integer), 1973-03-12 00:00:00.0(Timestamp), 董翠影(String), 1(Integer), 342121197303124422(String), 金港镇三角滩村第六组17号(String), 15962370650(String), 123456(String), 1(Integer), 222536ff-8e06-4d0e-badd-3890e68757bc(String)
2019-07-03 08:55:40.270 [http-nio-9091-exec-7] DEBUG com.basic.javaframe.dao.SecHos_PatientDao.update - <==    Updates: 1
2019-07-03 08:55:40.370 [http-nio-9091-exec-7] DEBUG c.b.javaframe.dao.SecHos_OutpatientDao.deleteBatch - ==>  Preparing: delete from sechos_outpatient where row_guid in ( ? ) 
2019-07-03 08:55:40.371 [http-nio-9091-exec-7] DEBUG c.b.javaframe.dao.SecHos_OutpatientDao.deleteBatch - ==> Parameters: 7b7c247d-58fb-4f0e-9a8a-ff73fbb6032e(String)
2019-07-03 08:55:40.381 [http-nio-9091-exec-7] DEBUG c.b.javaframe.dao.SecHos_OutpatientDao.deleteBatch - <==    Updates: 1
2019-07-03 08:55:40.443 [http-nio-9091-exec-7] DEBUG com.basic.javaframe.dao.SecHos_OutpatientDao.save - ==>  Preparing: insert into sechos_outpatient ( `row_guid`, `create_time`, `del_flag`, `sort_sq`, `medical_numberMZ`, `patidMZ`, `patient_rowGuidMZ` ) values ( ?, ?, ?, ?, ?, ?, ? ) 
2019-07-03 08:55:40.446 [http-nio-9091-exec-7] DEBUG com.basic.javaframe.dao.SecHos_OutpatientDao.save - ==> Parameters: dc163d42-483d-4988-8a7b-6ffbc8ccba26(String), 2019-07-03 08:55:40.0(Timestamp), 0(Integer), null, 2015006946(String), 100873(String), 222536ff-8e06-4d0e-badd-3890e68757bc(String)
2019-07-03 08:55:40.458 [http-nio-9091-exec-7] DEBUG com.basic.javaframe.dao.SecHos_OutpatientDao.save - <==    Updates: 1
2019-07-03 08:59:00.630 [http-nio-9091-exec-2] DEBUG c.b.j.dao.SecHos_PatientDao.getPatientByOpenid - ==>  Preparing: select p.*,h.row_id as hospitalizedRowId,h.row_guid as hospitalizedrowGuid, h.medical_number,h.patid,h.hospitalized_status, o.row_id as outpatientRowId,o.row_guid as outpatientrowGuid, o.medical_numberMZ,o.patidMZ from sechos_patient p left join sechos_hospitalized h on p.row_guid = h.patient_rowGuid left join sechos_outpatient o on p.row_guid = o.patient_rowGuidMZ where p.openid =? and p.del_flag=0 
2019-07-03 08:59:00.631 [http-nio-9091-exec-2] DEBUG c.b.j.dao.SecHos_PatientDao.getPatientByOpenid - ==> Parameters: 123456(String)
2019-07-03 08:59:00.645 [http-nio-9091-exec-2] DEBUG c.b.j.dao.SecHos_PatientDao.getPatientByOpenid - <==      Total: 3
2019-07-03 08:59:00.661 [http-nio-9091-exec-2] DEBUG com.basic.javaframe.dao.SecHos_PatientDao.update - ==>  Preparing: update sechos_patient SET `row_guid` = ?, `create_time` = ?, `del_flag` = ?, `sort_sq` = ?, `patient_birth` = ?, `patient_name` = ?, `patient_sex` = ?, `patient_idcard` = ?, `patient_address` = ?, `patient_mobile` = ?, `openid` = ?, `patient_status` = ? where row_guid = ? 
2019-07-03 08:59:00.665 [http-nio-9091-exec-2] DEBUG com.basic.javaframe.dao.SecHos_PatientDao.update - ==> Parameters: 222536ff-8e06-4d0e-badd-3890e68757bc(String), 2019-06-17 16:33:32.0(Timestamp), 0(Integer), 0(Integer), 1973-03-12 00:00:00.0(Timestamp), 董翠影(String), 1(Integer), 342121197303124422(String), 金港镇三角滩村第六组17号(String), 15962370650(String), 123456(String), 1(Integer), 222536ff-8e06-4d0e-badd-3890e68757bc(String)
2019-07-03 08:59:00.673 [http-nio-9091-exec-2] DEBUG com.basic.javaframe.dao.SecHos_PatientDao.update - <==    Updates: 1
2019-07-03 08:59:00.758 [http-nio-9091-exec-2] DEBUG c.b.javaframe.dao.SecHos_OutpatientDao.deleteBatch - ==>  Preparing: delete from sechos_outpatient where row_guid in ( ? ) 
2019-07-03 08:59:00.759 [http-nio-9091-exec-2] DEBUG c.b.javaframe.dao.SecHos_OutpatientDao.deleteBatch - ==> Parameters: dc163d42-483d-4988-8a7b-6ffbc8ccba26(String)
2019-07-03 08:59:00.763 [http-nio-9091-exec-2] DEBUG c.b.javaframe.dao.SecHos_OutpatientDao.deleteBatch - <==    Updates: 1
2019-07-03 08:59:00.845 [http-nio-9091-exec-2] DEBUG com.basic.javaframe.dao.SecHos_OutpatientDao.save - ==>  Preparing: insert into sechos_outpatient ( `row_guid`, `create_time`, `del_flag`, `sort_sq`, `medical_numberMZ`, `patidMZ`, `patient_rowGuidMZ` ) values ( ?, ?, ?, ?, ?, ?, ? ) 
2019-07-03 08:59:00.846 [http-nio-9091-exec-2] DEBUG com.basic.javaframe.dao.SecHos_OutpatientDao.save - ==> Parameters: 9f49c8c3-1c77-4a7f-b3b9-b2f37898b88e(String), 2019-07-03 08:59:00.0(Timestamp), 0(Integer), null, 2015006946(String), 100873(String), 222536ff-8e06-4d0e-badd-3890e68757bc(String)
2019-07-03 08:59:00.857 [http-nio-9091-exec-2] DEBUG com.basic.javaframe.dao.SecHos_OutpatientDao.save - <==    Updates: 1
2019-07-03 09:09:21.054 [http-nio-9091-exec-7] DEBUG c.b.j.dao.SecHos_PatientDao.getPatientByOpenid - ==>  Preparing: select p.*,h.row_id as hospitalizedRowId,h.row_guid as hospitalizedrowGuid, h.medical_number,h.patid,h.hospitalized_status, o.row_id as outpatientRowId,o.row_guid as outpatientrowGuid, o.medical_numberMZ,o.patidMZ from sechos_patient p left join sechos_hospitalized h on p.row_guid = h.patient_rowGuid left join sechos_outpatient o on p.row_guid = o.patient_rowGuidMZ where p.openid =? and p.del_flag=0 
2019-07-03 09:09:21.056 [http-nio-9091-exec-7] DEBUG c.b.j.dao.SecHos_PatientDao.getPatientByOpenid - ==> Parameters: 123456(String)
2019-07-03 09:09:21.077 [http-nio-9091-exec-7] DEBUG c.b.j.dao.SecHos_PatientDao.getPatientByOpenid - <==      Total: 3
2019-07-03 09:09:21.097 [http-nio-9091-exec-7] DEBUG com.basic.javaframe.dao.SecHos_PatientDao.update - ==>  Preparing: update sechos_patient SET `row_guid` = ?, `create_time` = ?, `del_flag` = ?, `sort_sq` = ?, `patient_birth` = ?, `patient_name` = ?, `patient_sex` = ?, `patient_idcard` = ?, `patient_address` = ?, `patient_mobile` = ?, `openid` = ?, `patient_status` = ? where row_guid = ? 
2019-07-03 09:09:21.099 [http-nio-9091-exec-7] DEBUG com.basic.javaframe.dao.SecHos_PatientDao.update - ==> Parameters: 222536ff-8e06-4d0e-badd-3890e68757bc(String), 2019-06-17 16:33:32.0(Timestamp), 0(Integer), 0(Integer), 1973-03-12 00:00:00.0(Timestamp), 董翠影(String), 1(Integer), 342121197303124422(String), 金港镇三角滩村第六组17号(String), 15962370650(String), 123456(String), 1(Integer), 222536ff-8e06-4d0e-badd-3890e68757bc(String)
2019-07-03 09:09:21.104 [http-nio-9091-exec-7] DEBUG com.basic.javaframe.dao.SecHos_PatientDao.update - <==    Updates: 1
2019-07-03 09:09:21.139 [http-nio-9091-exec-7] DEBUG c.b.javaframe.dao.SecHos_OutpatientDao.deleteBatch - ==>  Preparing: delete from sechos_outpatient where row_guid in ( ? ) 
2019-07-03 09:09:21.140 [http-nio-9091-exec-7] DEBUG c.b.javaframe.dao.SecHos_OutpatientDao.deleteBatch - ==> Parameters: 9f49c8c3-1c77-4a7f-b3b9-b2f37898b88e(String)
2019-07-03 09:09:21.148 [http-nio-9091-exec-7] DEBUG c.b.javaframe.dao.SecHos_OutpatientDao.deleteBatch - <==    Updates: 1
2019-07-03 09:09:21.202 [http-nio-9091-exec-7] DEBUG com.basic.javaframe.dao.SecHos_OutpatientDao.save - ==>  Preparing: insert into sechos_outpatient ( `row_guid`, `create_time`, `del_flag`, `sort_sq`, `medical_numberMZ`, `patidMZ`, `patient_rowGuidMZ` ) values ( ?, ?, ?, ?, ?, ?, ? ) 
2019-07-03 09:09:21.204 [http-nio-9091-exec-7] DEBUG com.basic.javaframe.dao.SecHos_OutpatientDao.save - ==> Parameters: ebeab7bb-4f75-4914-ba97-071427f0896d(String), 2019-07-03 09:09:21.0(Timestamp), 0(Integer), null, 2015006946(String), 100873(String), 222536ff-8e06-4d0e-badd-3890e68757bc(String)
2019-07-03 09:09:21.211 [http-nio-9091-exec-7] DEBUG com.basic.javaframe.dao.SecHos_OutpatientDao.save - <==    Updates: 1
2019-07-03 09:09:43.016 [http-nio-9091-exec-8] DEBUG c.b.j.dao.SecHos_PatientDao.getPatientByOpenid - ==>  Preparing: select p.*,h.row_id as hospitalizedRowId,h.row_guid as hospitalizedrowGuid, h.medical_number,h.patid,h.hospitalized_status, o.row_id as outpatientRowId,o.row_guid as outpatientrowGuid, o.medical_numberMZ,o.patidMZ from sechos_patient p left join sechos_hospitalized h on p.row_guid = h.patient_rowGuid left join sechos_outpatient o on p.row_guid = o.patient_rowGuidMZ where p.openid =? and p.del_flag=0 
2019-07-03 09:09:43.017 [http-nio-9091-exec-8] DEBUG c.b.j.dao.SecHos_PatientDao.getPatientByOpenid - ==> Parameters: 123456(String)
2019-07-03 09:09:43.032 [http-nio-9091-exec-8] DEBUG c.b.j.dao.SecHos_PatientDao.getPatientByOpenid - <==      Total: 3
2019-07-03 09:09:43.069 [http-nio-9091-exec-8] DEBUG com.basic.javaframe.dao.SecHos_PatientDao.update - ==>  Preparing: update sechos_patient SET `row_guid` = ?, `create_time` = ?, `del_flag` = ?, `sort_sq` = ?, `patient_birth` = ?, `patient_name` = ?, `patient_sex` = ?, `patient_idcard` = ?, `patient_address` = ?, `patient_mobile` = ?, `openid` = ?, `patient_status` = ? where row_guid = ? 
2019-07-03 09:09:43.071 [http-nio-9091-exec-8] DEBUG com.basic.javaframe.dao.SecHos_PatientDao.update - ==> Parameters: 222536ff-8e06-4d0e-badd-3890e68757bc(String), 2019-06-17 16:33:32.0(Timestamp), 0(Integer), 0(Integer), 1973-03-12 00:00:00.0(Timestamp), 董翠影(String), 1(Integer), 342121197303124422(String), (String), (String), 123456(String), 2(Integer), 222536ff-8e06-4d0e-badd-3890e68757bc(String)
2019-07-03 09:09:43.079 [http-nio-9091-exec-8] DEBUG com.basic.javaframe.dao.SecHos_PatientDao.update - <==    Updates: 1
2019-07-03 09:09:43.126 [http-nio-9091-exec-8] DEBUG c.b.j.dao.SecHos_hospitalizedDao.deleteBatch - ==>  Preparing: delete from sechos_hospitalized where row_guid in ( ? , ? , ? ) 
2019-07-03 09:09:43.128 [http-nio-9091-exec-8] DEBUG c.b.j.dao.SecHos_hospitalizedDao.deleteBatch - ==> Parameters: 8b6be611-9b3f-414e-b65f-49f7814434e7(String), b815728a-0aa2-4be7-a22a-471fbdba6554(String), 557d5f2d-6fcd-4c92-8b38-25808b87d013(String)
2019-07-03 09:09:43.140 [http-nio-9091-exec-8] DEBUG c.b.j.dao.SecHos_hospitalizedDao.deleteBatch - <==    Updates: 3
2019-07-03 09:09:43.185 [http-nio-9091-exec-8] DEBUG c.basic.javaframe.dao.SecHos_hospitalizedDao.save - ==>  Preparing: insert into sechos_hospitalized ( `row_guid`, `create_time`, `del_flag`, `sort_sq`, `medical_number`, `patid`, `patient_rowGuid`, `hospitalized_status` ) values ( ?, ?, ?, ?, ?, ?, ?, ? ) 
2019-07-03 09:09:43.186 [http-nio-9091-exec-8] DEBUG c.basic.javaframe.dao.SecHos_hospitalizedDao.save - ==> Parameters: 00216815-9745-4211-9f91-6c36798494c6(String), 2019-07-03 09:09:43.0(Timestamp), 0(Integer), null, 2045477(String), 25206(String), 222536ff-8e06-4d0e-badd-3890e68757bc(String), 4(Integer)
2019-07-03 09:09:43.202 [http-nio-9091-exec-8] DEBUG c.basic.javaframe.dao.SecHos_hospitalizedDao.save - <==    Updates: 1
2019-07-03 09:09:43.251 [http-nio-9091-exec-8] DEBUG c.basic.javaframe.dao.SecHos_hospitalizedDao.save - ==>  Preparing: insert into sechos_hospitalized ( `row_guid`, `create_time`, `del_flag`, `sort_sq`, `medical_number`, `patid`, `patient_rowGuid`, `hospitalized_status` ) values ( ?, ?, ?, ?, ?, ?, ?, ? ) 
2019-07-03 09:09:43.254 [http-nio-9091-exec-8] DEBUG c.basic.javaframe.dao.SecHos_hospitalizedDao.save - ==> Parameters: f4afc2d6-43bb-4e65-9534-c14205283332(String), 2019-07-03 09:09:43.0(Timestamp), 0(Integer), null, 2075881(String), 45117(String), 222536ff-8e06-4d0e-badd-3890e68757bc(String), 4(Integer)
2019-07-03 09:09:43.288 [http-nio-9091-exec-8] DEBUG c.basic.javaframe.dao.SecHos_hospitalizedDao.save - <==    Updates: 1
2019-07-03 09:09:43.325 [http-nio-9091-exec-8] DEBUG c.basic.javaframe.dao.SecHos_hospitalizedDao.save - ==>  Preparing: insert into sechos_hospitalized ( `row_guid`, `create_time`, `del_flag`, `sort_sq`, `medical_number`, `patid`, `patient_rowGuid`, `hospitalized_status` ) values ( ?, ?, ?, ?, ?, ?, ?, ? ) 
2019-07-03 09:09:43.326 [http-nio-9091-exec-8] DEBUG c.basic.javaframe.dao.SecHos_hospitalizedDao.save - ==> Parameters: 94c9b535-224f-428b-93a0-fe2167b1fdd8(String), 2019-07-03 09:09:43.0(Timestamp), 0(Integer), null, 2081766(String), 48771(String), 222536ff-8e06-4d0e-badd-3890e68757bc(String), 4(Integer)
2019-07-03 09:09:43.331 [http-nio-9091-exec-8] DEBUG c.basic.javaframe.dao.SecHos_hospitalizedDao.save - <==    Updates: 1
2019-07-03 10:40:27.392 [restartedMain] DEBUG com.basic.javaframe.DemoApplication - Running with Spring Boot v2.1.3.RELEASE, Spring v5.1.5.RELEASE
2019-07-03 11:18:05.874 [restartedMain] DEBUG com.basic.javaframe.DemoApplication - Running with Spring Boot v2.1.3.RELEASE, Spring v5.1.5.RELEASE
2019-07-03 14:08:29.806 [http-nio-9091-exec-6] DEBUG c.b.j.dao.SecHos_PatientDao.getPatientByOpenid - ==>  Preparing: select p.*,h.row_id as hospitalizedRowId,h.row_guid as hospitalizedrowGuid, h.medical_number,h.patid,h.hospitalized_status, o.row_id as outpatientRowId,o.row_guid as outpatientrowGuid, o.medical_numberMZ,o.patidMZ from sechos_patient p left join sechos_hospitalized h on p.row_guid = h.patient_rowGuid left join sechos_outpatient o on p.row_guid = o.patient_rowGuidMZ where p.openid =? and p.del_flag=0 
2019-07-03 14:08:29.850 [http-nio-9091-exec-6] DEBUG c.b.j.dao.SecHos_PatientDao.getPatientByOpenid - ==> Parameters: 123456(String)
2019-07-03 14:08:29.880 [http-nio-9091-exec-6] DEBUG c.b.j.dao.SecHos_PatientDao.getPatientByOpenid - <==      Total: 3
2019-07-03 14:08:29.991 [http-nio-9091-exec-6] DEBUG com.basic.javaframe.dao.SecHos_PatientDao.update - ==>  Preparing: update sechos_patient SET `row_guid` = ?, `create_time` = ?, `del_flag` = ?, `sort_sq` = ?, `patient_birth` = ?, `patient_name` = ?, `patient_sex` = ?, `patient_idcard` = ?, `patient_address` = ?, `patient_mobile` = ?, `openid` = ?, `patient_status` = ? where row_guid = ? 
2019-07-03 14:08:29.992 [http-nio-9091-exec-6] DEBUG com.basic.javaframe.dao.SecHos_PatientDao.update - ==> Parameters: 222536ff-8e06-4d0e-badd-3890e68757bc(String), 2019-06-17 16:33:32.0(Timestamp), 0(Integer), 0(Integer), 1995-07-12 00:00:00.0(Timestamp), 张文远(String), 1(Integer), 34242519951220493X(String), 测试地址(String), 11189812(String), 123456(String), 1(Integer), 222536ff-8e06-4d0e-badd-3890e68757bc(String)
2019-07-03 14:08:30.025 [http-nio-9091-exec-6] DEBUG com.basic.javaframe.dao.SecHos_PatientDao.update - <==    Updates: 1
2019-07-03 14:08:30.208 [http-nio-9091-exec-6] DEBUG c.b.javaframe.dao.SecHos_OutpatientDao.deleteBatch - ==>  Preparing: delete from sechos_outpatient where row_guid in ( ? ) 
2019-07-03 14:08:30.208 [http-nio-9091-exec-6] DEBUG c.b.javaframe.dao.SecHos_OutpatientDao.deleteBatch - ==> Parameters: ebeab7bb-4f75-4914-ba97-071427f0896d(String)
2019-07-03 14:08:30.217 [http-nio-9091-exec-6] DEBUG c.b.javaframe.dao.SecHos_OutpatientDao.deleteBatch - <==    Updates: 1
2019-07-03 14:08:30.361 [http-nio-9091-exec-6] DEBUG com.basic.javaframe.dao.SecHos_OutpatientDao.save - ==>  Preparing: insert into sechos_outpatient ( `row_guid`, `create_time`, `del_flag`, `sort_sq`, `medical_numberMZ`, `patidMZ`, `patient_rowGuidMZ` ) values ( ?, ?, ?, ?, ?, ?, ? ) 
2019-07-03 14:08:30.363 [http-nio-9091-exec-6] DEBUG com.basic.javaframe.dao.SecHos_OutpatientDao.save - ==> Parameters: 8aea499f-8dab-4a68-8575-29ca67d419d5(String), 2019-07-03 14:08:30.0(Timestamp), 0(Integer), null, 2019035035(String), 348431(String), 222536ff-8e06-4d0e-badd-3890e68757bc(String)
2019-07-03 14:08:30.565 [http-nio-9091-exec-6] DEBUG com.basic.javaframe.dao.SecHos_OutpatientDao.save - <==    Updates: 1
2019-07-03 14:11:52.775 [restartedMain] DEBUG com.basic.javaframe.DemoApplication - Running with Spring Boot v2.1.3.RELEASE, Spring v5.1.5.RELEASE
2019-07-03 14:16:48.229 [restartedMain] DEBUG com.basic.javaframe.DemoApplication - Running with Spring Boot v2.1.3.RELEASE, Spring v5.1.5.RELEASE
2019-07-03 14:17:53.448 [http-nio-9091-exec-3] DEBUG c.b.javaframe.dao.Sechos_ConsultationDao.getList - ==>  Preparing: select * from sechos_consultation t WHERE 1=1 and del_flag = 0 order by row_id desc limit ?, ? 
2019-07-03 14:17:53.489 [http-nio-9091-exec-3] DEBUG c.b.javaframe.dao.Sechos_ConsultationDao.getList - ==> Parameters: 0(Integer), 10(Integer)
2019-07-03 14:17:53.539 [http-nio-9091-exec-3] DEBUG c.b.javaframe.dao.Sechos_ConsultationDao.getList - <==      Total: 10
2019-07-03 14:17:53.630 [http-nio-9091-exec-3] DEBUG c.b.javaframe.dao.Sechos_ConsultationDao.getCount - ==>  Preparing: select count(*) from sechos_consultation t WHERE 1=1 and del_flag = 0 
2019-07-03 14:17:53.630 [http-nio-9091-exec-3] DEBUG c.b.javaframe.dao.Sechos_ConsultationDao.getCount - ==> Parameters: 
2019-07-03 14:17:53.661 [http-nio-9091-exec-3] DEBUG c.b.javaframe.dao.Sechos_ConsultationDao.getCount - <==      Total: 1
2019-07-03 14:17:57.231 [http-nio-9091-exec-5] DEBUG c.b.javaframe.dao.Sechos_ConsultationDao.getList - ==>  Preparing: select * from sechos_consultation t WHERE 1=1 and del_flag = 0 order by row_id desc limit ?, ? 
2019-07-03 14:17:57.233 [http-nio-9091-exec-5] DEBUG c.b.javaframe.dao.Sechos_ConsultationDao.getList - ==> Parameters: 10(Integer), 10(Integer)
2019-07-03 14:17:57.300 [http-nio-9091-exec-5] DEBUG c.b.javaframe.dao.Sechos_ConsultationDao.getList - <==      Total: 2
2019-07-03 14:17:57.461 [http-nio-9091-exec-5] DEBUG c.b.javaframe.dao.Sechos_ConsultationDao.getCount - ==>  Preparing: select count(*) from sechos_consultation t WHERE 1=1 and del_flag = 0 
2019-07-03 14:17:57.462 [http-nio-9091-exec-5] DEBUG c.b.javaframe.dao.Sechos_ConsultationDao.getCount - ==> Parameters: 
2019-07-03 14:17:57.546 [http-nio-9091-exec-5] DEBUG c.b.javaframe.dao.Sechos_ConsultationDao.getCount - <==      Total: 1
2019-07-03 14:18:02.377 [http-nio-9091-exec-7] DEBUG c.b.javaframe.dao.Sechos_ConsultationDao.getList - ==>  Preparing: select * from sechos_consultation t WHERE 1=1 and del_flag = 0 order by row_id desc limit ?, ? 
2019-07-03 14:18:02.379 [http-nio-9091-exec-7] DEBUG c.b.javaframe.dao.Sechos_ConsultationDao.getList - ==> Parameters: 20(Integer), 10(Integer)
2019-07-03 14:18:02.384 [http-nio-9091-exec-7] DEBUG c.b.javaframe.dao.Sechos_ConsultationDao.getList - <==      Total: 0
2019-07-03 14:18:02.393 [http-nio-9091-exec-7] DEBUG c.b.javaframe.dao.Sechos_ConsultationDao.getCount - ==>  Preparing: select count(*) from sechos_consultation t WHERE 1=1 and del_flag = 0 
2019-07-03 14:18:02.394 [http-nio-9091-exec-7] DEBUG c.b.javaframe.dao.Sechos_ConsultationDao.getCount - ==> Parameters: 
2019-07-03 14:18:02.401 [http-nio-9091-exec-7] DEBUG c.b.javaframe.dao.Sechos_ConsultationDao.getCount - <==      Total: 1
2019-07-03 14:41:42.443 [restartedMain] DEBUG com.basic.javaframe.DemoApplication - Running with Spring Boot v2.1.3.RELEASE, Spring v5.1.5.RELEASE
2019-07-03 14:41:59.367 [restartedMain] DEBUG com.basic.javaframe.DemoApplication - Running with Spring Boot v2.1.3.RELEASE, Spring v5.1.5.RELEASE
2019-07-03 14:51:41.438 [restartedMain] DEBUG com.basic.javaframe.DemoApplication - Running with Spring Boot v2.1.3.RELEASE, Spring v5.1.5.RELEASE
2019-07-03 14:52:01.131 [http-nio-9091-exec-1] DEBUG c.b.j.d.I.getSingleInfoByCateGuid - ==>  Preparing: select info_guid from Information_Info_Category where category_guid =? order by create_time desc limit 1; 
2019-07-03 14:52:01.173 [http-nio-9091-exec-1] DEBUG c.b.j.d.I.getSingleInfoByCateGuid - ==> Parameters: 870d1b38-5615-4f42-9c3f-09ce31c33d45(String)
2019-07-03 14:52:01.211 [http-nio-9091-exec-1] DEBUG c.b.j.d.I.getSingleInfoByCateGuid - <==      Total: 1
2019-07-03 14:52:01.256 [http-nio-9091-exec-1] DEBUG c.b.j.dao.InformationInfoDao.getHosIntroduction - ==>  Preparing: select * from Information_Info where category_guid=? and del_flag=0 and status=1 order by create_time desc limit 1; 
2019-07-03 14:52:01.257 [http-nio-9091-exec-1] DEBUG c.b.j.dao.InformationInfoDao.getHosIntroduction - ==> Parameters: 3f6309c8-4181-4566-a47e-f17a031954c3(String)
2019-07-03 14:52:01.289 [http-nio-9091-exec-1] DEBUG c.b.j.dao.InformationInfoDao.getHosIntroduction - <==      Total: 1
2019-07-03 14:52:01.925 [http-nio-9091-exec-4] DEBUG c.b.javaframe.dao.Frame_AttachDao.getAttachList - ==>  Preparing: select * from frame_attach where form_rowGuid = ? 
2019-07-03 14:52:01.926 [http-nio-9091-exec-4] DEBUG c.b.javaframe.dao.Frame_AttachDao.getAttachList - ==> Parameters: 31ee1208-e476-4105-a0d0-8c95483a6fca(String)
2019-07-03 14:52:01.930 [http-nio-9091-exec-4] DEBUG c.b.javaframe.dao.Frame_AttachDao.getAttachList - <==      Total: 0
2019-07-03 17:50:08.902 [http-nio-9091-exec-4] DEBUG c.b.j.d.I.getSingleInfoByCateGuid - ==>  Preparing: select info_guid from Information_Info_Category where category_guid =? order by create_time desc limit 1; 
2019-07-03 17:50:08.903 [http-nio-9091-exec-4] DEBUG c.b.j.d.I.getSingleInfoByCateGuid - ==> Parameters: b4ccf311-761b-4a86-a203-21b9a7e17039(String)
2019-07-03 17:50:08.913 [http-nio-9091-exec-4] DEBUG c.b.j.d.I.getSingleInfoByCateGuid - <==      Total: 1
2019-07-03 17:50:08.919 [http-nio-9091-exec-4] DEBUG c.b.j.dao.InformationInfoDao.getHosIntroduction - ==>  Preparing: select * from Information_Info where category_guid=? and del_flag=0 and status=1 order by create_time desc limit 1; 
2019-07-03 17:50:08.920 [http-nio-9091-exec-4] DEBUG c.b.j.dao.InformationInfoDao.getHosIntroduction - ==> Parameters: d408fb31-bb2a-4895-b482-f9835bb94f63(String)
2019-07-03 17:50:08.930 [http-nio-9091-exec-4] DEBUG c.b.j.dao.InformationInfoDao.getHosIntroduction - <==      Total: 1
2019-07-03 17:50:10.370 [http-nio-9091-exec-8] DEBUG c.b.javaframe.dao.Frame_AttachDao.getAttachList - ==>  Preparing: select * from frame_attach where form_rowGuid = ? 
2019-07-03 17:50:10.371 [http-nio-9091-exec-8] DEBUG c.b.javaframe.dao.Frame_AttachDao.getAttachList - ==> Parameters: 120b9b6d-285f-4160-8e9c-70ef567445ec(String)
2019-07-03 17:50:10.381 [http-nio-9091-exec-8] DEBUG c.b.javaframe.dao.Frame_AttachDao.getAttachList - <==      Total: 1
2019-07-03 17:50:17.512 [http-nio-9091-exec-9] DEBUG c.b.j.d.I.getSingleInfoByCateGuid - ==>  Preparing: select info_guid from Information_Info_Category where category_guid =? order by create_time desc limit 1; 
2019-07-03 17:50:17.513 [http-nio-9091-exec-9] DEBUG c.b.j.d.I.getSingleInfoByCateGuid - ==> Parameters: b4ccf311-761b-4a86-a203-21b9a7e17039(String)
2019-07-03 17:50:17.517 [http-nio-9091-exec-9] DEBUG c.b.j.d.I.getSingleInfoByCateGuid - <==      Total: 1
2019-07-03 17:50:17.520 [http-nio-9091-exec-9] DEBUG c.b.j.dao.InformationInfoDao.getHosIntroduction - ==>  Preparing: select * from Information_Info where category_guid=? and del_flag=0 and status=1 order by create_time desc limit 1; 
2019-07-03 17:50:17.520 [http-nio-9091-exec-9] DEBUG c.b.j.dao.InformationInfoDao.getHosIntroduction - ==> Parameters: d408fb31-bb2a-4895-b482-f9835bb94f63(String)
2019-07-03 17:50:17.527 [http-nio-9091-exec-9] DEBUG c.b.j.dao.InformationInfoDao.getHosIntroduction - <==      Total: 1
2019-07-03 17:50:19.021 [http-nio-9091-exec-2] DEBUG c.b.javaframe.dao.Frame_AttachDao.getAttachList - ==>  Preparing: select * from frame_attach where form_rowGuid = ? 
2019-07-03 17:50:19.023 [http-nio-9091-exec-2] DEBUG c.b.javaframe.dao.Frame_AttachDao.getAttachList - ==> Parameters: 120b9b6d-285f-4160-8e9c-70ef567445ec(String)
2019-07-03 17:50:19.033 [http-nio-9091-exec-2] DEBUG c.b.javaframe.dao.Frame_AttachDao.getAttachList - <==      Total: 1
2019-07-03 17:50:23.009 [http-nio-9091-exec-3] DEBUG c.b.j.d.I.getSingleInfoByCateGuid - ==>  Preparing: select info_guid from Information_Info_Category where category_guid =? order by create_time desc limit 1; 
2019-07-03 17:50:23.010 [http-nio-9091-exec-3] DEBUG c.b.j.d.I.getSingleInfoByCateGuid - ==> Parameters: eff540e6-10cf-4012-8508-22d893dd0f9a(String)
2019-07-03 17:50:23.016 [http-nio-9091-exec-3] DEBUG c.b.j.d.I.getSingleInfoByCateGuid - <==      Total: 1
2019-07-03 17:50:23.019 [http-nio-9091-exec-3] DEBUG c.b.j.dao.InformationInfoDao.getHosIntroduction - ==>  Preparing: select * from Information_Info where category_guid=? and del_flag=0 and status=1 order by create_time desc limit 1; 
2019-07-03 17:50:23.020 [http-nio-9091-exec-3] DEBUG c.b.j.dao.InformationInfoDao.getHosIntroduction - ==> Parameters: bd7e10fc-a241-4a4b-a008-b5ae6a39ec7c(String)
2019-07-03 17:50:23.027 [http-nio-9091-exec-3] DEBUG c.b.j.dao.InformationInfoDao.getHosIntroduction - <==      Total: 1
2019-07-03 17:50:24.517 [http-nio-9091-exec-4] DEBUG c.b.javaframe.dao.Frame_AttachDao.getAttachList - ==>  Preparing: select * from frame_attach where form_rowGuid = ? 
2019-07-03 17:50:24.520 [http-nio-9091-exec-4] DEBUG c.b.javaframe.dao.Frame_AttachDao.getAttachList - ==> Parameters: 8c8a1a9d-ae2f-4629-8a2c-2b94f9946fd4(String)
2019-07-03 17:50:24.533 [http-nio-9091-exec-4] DEBUG c.b.javaframe.dao.Frame_AttachDao.getAttachList - <==      Total: 0
2019-07-03 17:50:28.283 [http-nio-9091-exec-7] DEBUG c.b.j.d.I.getSingleInfoByCateGuid - ==>  Preparing: select info_guid from Information_Info_Category where category_guid =? order by create_time desc limit 1; 
2019-07-03 17:50:28.284 [http-nio-9091-exec-7] DEBUG c.b.j.d.I.getSingleInfoByCateGuid - ==> Parameters: b4ccf311-761b-4a86-a203-21b9a7e17039(String)
2019-07-03 17:50:28.290 [http-nio-9091-exec-7] DEBUG c.b.j.d.I.getSingleInfoByCateGuid - <==      Total: 1
2019-07-03 17:50:28.293 [http-nio-9091-exec-7] DEBUG c.b.j.dao.InformationInfoDao.getHosIntroduction - ==>  Preparing: select * from Information_Info where category_guid=? and del_flag=0 and status=1 order by create_time desc limit 1; 
2019-07-03 17:50:28.294 [http-nio-9091-exec-7] DEBUG c.b.j.dao.InformationInfoDao.getHosIntroduction - ==> Parameters: d408fb31-bb2a-4895-b482-f9835bb94f63(String)
2019-07-03 17:50:28.300 [http-nio-9091-exec-7] DEBUG c.b.j.dao.InformationInfoDao.getHosIntroduction - <==      Total: 1
2019-07-03 17:50:29.784 [http-nio-9091-exec-9] DEBUG c.b.javaframe.dao.Frame_AttachDao.getAttachList - ==>  Preparing: select * from frame_attach where form_rowGuid = ? 
2019-07-03 17:50:29.785 [http-nio-9091-exec-9] DEBUG c.b.javaframe.dao.Frame_AttachDao.getAttachList - ==> Parameters: 120b9b6d-285f-4160-8e9c-70ef567445ec(String)
2019-07-03 17:50:29.793 [http-nio-9091-exec-9] DEBUG c.b.javaframe.dao.Frame_AttachDao.getAttachList - <==      Total: 1
2019-07-03 17:50:33.880 [http-nio-9091-exec-2] DEBUG c.b.j.d.I.getSingleInfoByCateGuid - ==>  Preparing: select info_guid from Information_Info_Category where category_guid =? order by create_time desc limit 1; 
2019-07-03 17:50:33.883 [http-nio-9091-exec-2] DEBUG c.b.j.d.I.getSingleInfoByCateGuid - ==> Parameters: 870d1b38-5615-4f42-9c3f-09ce31c33d45(String)
2019-07-03 17:50:33.888 [http-nio-9091-exec-2] DEBUG c.b.j.d.I.getSingleInfoByCateGuid - <==      Total: 1
2019-07-03 17:50:33.894 [http-nio-9091-exec-2] DEBUG c.b.j.dao.InformationInfoDao.getHosIntroduction - ==>  Preparing: select * from Information_Info where category_guid=? and del_flag=0 and status=1 order by create_time desc limit 1; 
2019-07-03 17:50:33.894 [http-nio-9091-exec-2] DEBUG c.b.j.dao.InformationInfoDao.getHosIntroduction - ==> Parameters: 3f6309c8-4181-4566-a47e-f17a031954c3(String)
2019-07-03 17:50:33.901 [http-nio-9091-exec-2] DEBUG c.b.j.dao.InformationInfoDao.getHosIntroduction - <==      Total: 1
2019-07-03 17:50:35.377 [http-nio-9091-exec-1] DEBUG c.b.javaframe.dao.Frame_AttachDao.getAttachList - ==>  Preparing: select * from frame_attach where form_rowGuid = ? 
2019-07-03 17:50:35.378 [http-nio-9091-exec-1] DEBUG c.b.javaframe.dao.Frame_AttachDao.getAttachList - ==> Parameters: 31ee1208-e476-4105-a0d0-8c95483a6fca(String)
2019-07-03 17:50:35.384 [http-nio-9091-exec-1] DEBUG c.b.javaframe.dao.Frame_AttachDao.getAttachList - <==      Total: 0
2019-07-03 17:52:30.271 [http-nio-9091-exec-9] DEBUG c.b.j.dao.SecHos_PatientDao.getPatientByOpenid - ==>  Preparing: select p.*,h.row_id as hospitalizedRowId,h.row_guid as hospitalizedrowGuid, h.medical_number,h.patid,h.hospitalized_status, o.row_id as outpatientRowId,o.row_guid as outpatientrowGuid, o.medical_numberMZ,o.patidMZ from sechos_patient p left join sechos_hospitalized h on p.row_guid = h.patient_rowGuid left join sechos_outpatient o on p.row_guid = o.patient_rowGuidMZ where p.openid =? and p.del_flag=0 
2019-07-03 17:52:30.272 [http-nio-9091-exec-9] DEBUG c.b.j.dao.SecHos_PatientDao.getPatientByOpenid - ==> Parameters: 123456(String)
2019-07-03 17:52:30.305 [http-nio-9091-exec-9] DEBUG c.b.j.dao.SecHos_PatientDao.getPatientByOpenid - <==      Total: 3
2019-07-03 17:52:30.536 [http-nio-9091-exec-9] DEBUG com.basic.javaframe.dao.SecHos_PatientDao.update - ==>  Preparing: update sechos_patient SET `row_guid` = ?, `create_time` = ?, `del_flag` = ?, `sort_sq` = ?, `patient_birth` = ?, `patient_name` = ?, `patient_sex` = ?, `patient_idcard` = ?, `patient_address` = ?, `patient_mobile` = ?, `openid` = ?, `patient_status` = ? where row_guid = ? 
2019-07-03 17:52:30.538 [http-nio-9091-exec-9] DEBUG com.basic.javaframe.dao.SecHos_PatientDao.update - ==> Parameters: 222536ff-8e06-4d0e-badd-3890e68757bc(String), 2019-06-17 16:33:32.0(Timestamp), 0(Integer), 0(Integer), 1973-03-12 00:00:00.0(Timestamp), 董翠影(String), 1(Integer), 342121197303124422(String), (String), (String), 123456(String), 2(Integer), 222536ff-8e06-4d0e-badd-3890e68757bc(String)
2019-07-03 17:52:30.545 [http-nio-9091-exec-9] DEBUG com.basic.javaframe.dao.SecHos_PatientDao.update - <==    Updates: 1
2019-07-03 17:52:30.611 [http-nio-9091-exec-9] DEBUG c.b.j.dao.SecHos_hospitalizedDao.deleteBatch - ==>  Preparing: delete from sechos_hospitalized where row_guid in ( ? , ? , ? ) 
2019-07-03 17:52:30.611 [http-nio-9091-exec-9] DEBUG c.b.j.dao.SecHos_hospitalizedDao.deleteBatch - ==> Parameters: 00216815-9745-4211-9f91-6c36798494c6(String), f4afc2d6-43bb-4e65-9534-c14205283332(String), 94c9b535-224f-428b-93a0-fe2167b1fdd8(String)
2019-07-03 17:52:30.620 [http-nio-9091-exec-9] DEBUG c.b.j.dao.SecHos_hospitalizedDao.deleteBatch - <==    Updates: 3
2019-07-03 17:52:30.670 [http-nio-9091-exec-9] DEBUG c.basic.javaframe.dao.SecHos_hospitalizedDao.save - ==>  Preparing: insert into sechos_hospitalized ( `row_guid`, `create_time`, `del_flag`, `sort_sq`, `medical_number`, `patid`, `patient_rowGuid`, `hospitalized_status` ) values ( ?, ?, ?, ?, ?, ?, ?, ? ) 
2019-07-03 17:52:30.671 [http-nio-9091-exec-9] DEBUG c.basic.javaframe.dao.SecHos_hospitalizedDao.save - ==> Parameters: bf6a9967-3733-412b-adc6-d44c2f7e9089(String), 2019-07-03 17:52:30.0(Timestamp), 0(Integer), null, 2045477(String), 25206(String), 222536ff-8e06-4d0e-badd-3890e68757bc(String), 4(Integer)
2019-07-03 17:52:30.676 [http-nio-9091-exec-9] DEBUG c.basic.javaframe.dao.SecHos_hospitalizedDao.save - <==    Updates: 1
2019-07-03 17:52:30.713 [http-nio-9091-exec-9] DEBUG c.basic.javaframe.dao.SecHos_hospitalizedDao.save - ==>  Preparing: insert into sechos_hospitalized ( `row_guid`, `create_time`, `del_flag`, `sort_sq`, `medical_number`, `patid`, `patient_rowGuid`, `hospitalized_status` ) values ( ?, ?, ?, ?, ?, ?, ?, ? ) 
2019-07-03 17:52:30.716 [http-nio-9091-exec-9] DEBUG c.basic.javaframe.dao.SecHos_hospitalizedDao.save - ==> Parameters: 0d3c1611-e07a-40ce-91de-9a4bfa172ff8(String), 2019-07-03 17:52:30.0(Timestamp), 0(Integer), null, 2075881(String), 45117(String), 222536ff-8e06-4d0e-badd-3890e68757bc(String), 4(Integer)
2019-07-03 17:52:30.724 [http-nio-9091-exec-9] DEBUG c.basic.javaframe.dao.SecHos_hospitalizedDao.save - <==    Updates: 1
2019-07-03 17:52:30.764 [http-nio-9091-exec-9] DEBUG c.basic.javaframe.dao.SecHos_hospitalizedDao.save - ==>  Preparing: insert into sechos_hospitalized ( `row_guid`, `create_time`, `del_flag`, `sort_sq`, `medical_number`, `patid`, `patient_rowGuid`, `hospitalized_status` ) values ( ?, ?, ?, ?, ?, ?, ?, ? ) 
2019-07-03 17:52:30.767 [http-nio-9091-exec-9] DEBUG c.basic.javaframe.dao.SecHos_hospitalizedDao.save - ==> Parameters: 136a8728-770f-41a2-86cb-0df0538e69fd(String), 2019-07-03 17:52:30.0(Timestamp), 0(Integer), null, 2081766(String), 48771(String), 222536ff-8e06-4d0e-badd-3890e68757bc(String), 4(Integer)
2019-07-03 17:52:30.776 [http-nio-9091-exec-9] DEBUG c.basic.javaframe.dao.SecHos_hospitalizedDao.save - <==    Updates: 1
2019-07-03 17:53:13.131 [http-nio-9091-exec-10] DEBUG c.b.javaframe.dao.Sechos_ConsultationDao.getList - ==>  Preparing: select * from sechos_consultation t WHERE 1=1 and del_flag = 0 order by row_id desc limit ?, ? 
2019-07-03 17:53:13.131 [http-nio-9091-exec-10] DEBUG c.b.javaframe.dao.Sechos_ConsultationDao.getList - ==> Parameters: 0(Integer), 10(Integer)
2019-07-03 17:53:13.142 [http-nio-9091-exec-10] DEBUG c.b.javaframe.dao.Sechos_ConsultationDao.getList - <==      Total: 10
2019-07-03 17:53:13.160 [http-nio-9091-exec-10] DEBUG c.b.javaframe.dao.Sechos_ConsultationDao.getCount - ==>  Preparing: select count(*) from sechos_consultation t WHERE 1=1 and del_flag = 0 
2019-07-03 17:53:13.160 [http-nio-9091-exec-10] DEBUG c.b.javaframe.dao.Sechos_ConsultationDao.getCount - ==> Parameters: 
2019-07-03 17:53:13.164 [http-nio-9091-exec-10] DEBUG c.b.javaframe.dao.Sechos_ConsultationDao.getCount - <==      Total: 1
2019-07-03 17:53:17.042 [http-nio-9091-exec-1] DEBUG c.b.javaframe.dao.Sechos_ConsultationDao.getList - ==>  Preparing: select * from sechos_consultation t WHERE 1=1 and del_flag = 0 order by row_id desc limit ?, ? 
2019-07-03 17:53:17.044 [http-nio-9091-exec-1] DEBUG c.b.javaframe.dao.Sechos_ConsultationDao.getList - ==> Parameters: 10(Integer), 10(Integer)
2019-07-03 17:53:17.057 [http-nio-9091-exec-1] DEBUG c.b.javaframe.dao.Sechos_ConsultationDao.getList - <==      Total: 2
2019-07-03 17:53:17.070 [http-nio-9091-exec-1] DEBUG c.b.javaframe.dao.Sechos_ConsultationDao.getCount - ==>  Preparing: select count(*) from sechos_consultation t WHERE 1=1 and del_flag = 0 
2019-07-03 17:53:17.071 [http-nio-9091-exec-1] DEBUG c.b.javaframe.dao.Sechos_ConsultationDao.getCount - ==> Parameters: 
2019-07-03 17:53:17.079 [http-nio-9091-exec-1] DEBUG c.b.javaframe.dao.Sechos_ConsultationDao.getCount - <==      Total: 1
2019-07-03 17:53:26.098 [http-nio-9091-exec-5] DEBUG c.b.javaframe.dao.Sechos_ConsultationDao.getList - ==>  Preparing: select * from sechos_consultation t WHERE 1=1 and t.consultation_name = ? and del_flag = 0 order by row_id desc limit ?, ? 
2019-07-03 17:53:26.100 [http-nio-9091-exec-5] DEBUG c.b.javaframe.dao.Sechos_ConsultationDao.getList - ==> Parameters: 张文远(String), 0(Integer), 10(Integer)
2019-07-03 17:53:26.115 [http-nio-9091-exec-5] DEBUG c.b.javaframe.dao.Sechos_ConsultationDao.getList - <==      Total: 8
2019-07-03 17:53:26.137 [http-nio-9091-exec-5] DEBUG c.b.javaframe.dao.Sechos_ConsultationDao.getCount - ==>  Preparing: select count(*) from sechos_consultation t WHERE 1=1 and t.consultation_name = ? and del_flag = 0 
2019-07-03 17:53:26.138 [http-nio-9091-exec-5] DEBUG c.b.javaframe.dao.Sechos_ConsultationDao.getCount - ==> Parameters: 张文远(String)
2019-07-03 17:53:26.142 [http-nio-9091-exec-5] DEBUG c.b.javaframe.dao.Sechos_ConsultationDao.getCount - <==      Total: 1
2019-07-03 17:53:29.113 [http-nio-9091-exec-6] DEBUG c.b.javaframe.dao.Sechos_ConsultationDao.getList - ==>  Preparing: select * from sechos_consultation t WHERE 1=1 and t.consultation_name = ? and del_flag = 0 order by row_id desc limit ?, ? 
2019-07-03 17:53:29.114 [http-nio-9091-exec-6] DEBUG c.b.javaframe.dao.Sechos_ConsultationDao.getList - ==> Parameters: 张文远(String), 10(Integer), 10(Integer)
2019-07-03 17:53:29.123 [http-nio-9091-exec-6] DEBUG c.b.javaframe.dao.Sechos_ConsultationDao.getList - <==      Total: 0
2019-07-03 17:53:29.146 [http-nio-9091-exec-6] DEBUG c.b.javaframe.dao.Sechos_ConsultationDao.getCount - ==>  Preparing: select count(*) from sechos_consultation t WHERE 1=1 and t.consultation_name = ? and del_flag = 0 
2019-07-03 17:53:29.146 [http-nio-9091-exec-6] DEBUG c.b.javaframe.dao.Sechos_ConsultationDao.getCount - ==> Parameters: 张文远(String)
2019-07-03 17:53:29.149 [http-nio-9091-exec-6] DEBUG c.b.javaframe.dao.Sechos_ConsultationDao.getCount - <==      Total: 1
